[debug] [2021-06-15T18:52:20.723Z] ----------------------------------------------------------------------
[debug] [2021-06-15T18:52:20.725Z] Command:       C:\Program Files\nodejs\node.exe C:\Users\Mayowa\AppData\Roaming\npm\node_modules\firebase-tools\lib\bin\firebase.js deploy --only functions
[debug] [2021-06-15T18:52:20.726Z] CLI Version:   9.12.1
[debug] [2021-06-15T18:52:20.726Z] Platform:      win32
[debug] [2021-06-15T18:52:20.726Z] Node Version:  v12.13.1
[debug] [2021-06-15T18:52:20.727Z] Time:          Tue Jun 15 2021 11:52:20 GMT-0700 (Pacific Daylight Time)
[debug] [2021-06-15T18:52:20.728Z] ----------------------------------------------------------------------
[debug] 
[debug] [2021-06-15T18:52:20.740Z] > command requires scopes: ["email","openid","https://www.googleapis.com/auth/cloudplatformprojects.readonly","https://www.googleapis.com/auth/firebase","https://www.googleapis.com/auth/cloud-platform"]
[debug] [2021-06-15T18:52:20.741Z] > authorizing via signed-in user (managerbran10@gmail.com)
[debug] [2021-06-15T18:52:20.741Z] [iam] checking project managerbran-2a699 for permissions ["cloudfunctions.functions.create","cloudfunctions.functions.delete","cloudfunctions.functions.get","cloudfunctions.functions.list","cloudfunctions.functions.update","cloudfunctions.operations.get","firebase.projects.get"]
[debug] [2021-06-15T18:52:20.743Z] > refreshing access token with scopes: ["email","https://www.googleapis.com/auth/cloud-platform","https://www.googleapis.com/auth/cloudplatformprojects.readonly","https://www.googleapis.com/auth/firebase","openid"]
[debug] [2021-06-15T18:52:20.744Z] >>> HTTP REQUEST POST https://www.googleapis.com/oauth2/v3/token  
 <request body omitted>
[debug] [2021-06-15T18:52:21.581Z] <<< HTTP RESPONSE 200 {"date":"Tue, 15 Jun 2021 18:52:24 GMT","pragma":"no-cache","cache-control":"no-cache, no-store, max-age=0, must-revalidate","expires":"Mon, 01 Jan 1990 00:00:00 GMT","content-type":"application/json; charset=utf-8","vary":"X-Origin, Referer, Origin,Accept-Encoding","server":"scaffolding on HTTPServer2","x-xss-protection":"0","x-frame-options":"SAMEORIGIN","x-content-type-options":"nosniff","alt-svc":"h3=\":443\"; ma=2592000,h3-29=\":443\"; ma=2592000,h3-T051=\":443\"; ma=2592000,h3-Q050=\":443\"; ma=2592000,h3-Q046=\":443\"; ma=2592000,h3-Q043=\":443\"; ma=2592000,quic=\":443\"; ma=2592000; v=\"46,43\"","accept-ranges":"none","transfer-encoding":"chunked"}
[debug] [2021-06-15T18:52:21.670Z] >>> HTTP REQUEST POST https://cloudresourcemanager.googleapis.com/v1/projects/managerbran-2a699:testIamPermissions  
 {"permissions":["cloudfunctions.functions.create","cloudfunctions.functions.delete","cloudfunctions.functions.get","cloudfunctions.functions.list","cloudfunctions.functions.update","cloudfunctions.operations.get","firebase.projects.get"]}
[debug] [2021-06-15T18:52:23.721Z] <<< HTTP RESPONSE 200 {"content-type":"application/json; charset=UTF-8","vary":"X-Origin, Referer, Origin,Accept-Encoding","date":"Tue, 15 Jun 2021 18:52:25 GMT","server":"ESF","cache-control":"private","x-xss-protection":"0","x-frame-options":"SAMEORIGIN","x-content-type-options":"nosniff","server-timing":"gfet4t7; dur=1100","alt-svc":"h3=\":443\"; ma=2592000,h3-29=\":443\"; ma=2592000,h3-T051=\":443\"; ma=2592000,h3-Q050=\":443\"; ma=2592000,h3-Q046=\":443\"; ma=2592000,h3-Q043=\":443\"; ma=2592000,quic=\":443\"; ma=2592000; v=\"46,43\"","accept-ranges":"none","transfer-encoding":"chunked"}
[debug] [2021-06-15T18:52:23.724Z] >>> HTTP REQUEST POST https://iam.googleapis.com/v1/projects/managerbran-2a699/serviceAccounts/managerbran-2a699@appspot.gserviceaccount.com:testIamPermissions  
 {"permissions":["iam.serviceAccounts.actAs"]}
[debug] [2021-06-15T18:52:25.154Z] <<< HTTP RESPONSE 200 {"content-type":"application/json; charset=UTF-8","vary":"X-Origin, Referer, Origin,Accept-Encoding","date":"Tue, 15 Jun 2021 18:52:27 GMT","server":"ESF","cache-control":"private","x-xss-protection":"0","x-frame-options":"SAMEORIGIN","x-content-type-options":"nosniff","alt-svc":"h3=\":443\"; ma=2592000,h3-29=\":443\"; ma=2592000,h3-T051=\":443\"; ma=2592000,h3-Q050=\":443\"; ma=2592000,h3-Q046=\":443\"; ma=2592000,h3-Q043=\":443\"; ma=2592000,quic=\":443\"; ma=2592000; v=\"46,43\"","accept-ranges":"none","transfer-encoding":"chunked"}
[info] 
[info] === Deploying to 'managerbran-2a699'...
[info] 
[info] i  deploying functions 
[info] i  functions: ensuring required API cloudfunctions.googleapis.com is enabled... 
[info] i  functions: ensuring required API cloudbuild.googleapis.com is enabled... 
[debug] [2021-06-15T18:52:37.083Z] >>> HTTP REQUEST GET https://serviceusage.googleapis.com/v1/projects/managerbran-2a699/services/cloudfunctions.googleapis.com  
 
[debug] [2021-06-15T18:52:37.083Z] >>> HTTP REQUEST GET https://serviceusage.googleapis.com/v1/projects/managerbran-2a699/services/runtimeconfig.googleapis.com  
 
[debug] [2021-06-15T18:52:37.084Z] >>> HTTP REQUEST GET https://serviceusage.googleapis.com/v1/projects/managerbran-2a699/services/cloudbuild.googleapis.com  
 
[debug] [2021-06-15T18:52:38.224Z] <<< HTTP RESPONSE 200 {"content-type":"application/json; charset=UTF-8","vary":"X-Origin, Referer, Origin,Accept-Encoding","date":"Tue, 15 Jun 2021 18:52:40 GMT","server":"ESF","cache-control":"private","x-xss-protection":"0","x-frame-options":"SAMEORIGIN","x-content-type-options":"nosniff","alt-svc":"h3=\":443\"; ma=2592000,h3-29=\":443\"; ma=2592000,h3-T051=\":443\"; ma=2592000,h3-Q050=\":443\"; ma=2592000,h3-Q046=\":443\"; ma=2592000,h3-Q043=\":443\"; ma=2592000,quic=\":443\"; ma=2592000; v=\"46,43\"","accept-ranges":"none","transfer-encoding":"chunked"}
[info] +  functions: required API cloudfunctions.googleapis.com is enabled 
[debug] [2021-06-15T18:52:38.870Z] <<< HTTP RESPONSE 200 {"content-type":"application/json; charset=UTF-8","vary":"X-Origin, Referer, Origin,Accept-Encoding","date":"Tue, 15 Jun 2021 18:52:41 GMT","server":"ESF","cache-control":"private","x-xss-protection":"0","x-frame-options":"SAMEORIGIN","x-content-type-options":"nosniff","alt-svc":"h3=\":443\"; ma=2592000,h3-29=\":443\"; ma=2592000,h3-T051=\":443\"; ma=2592000,h3-Q050=\":443\"; ma=2592000,h3-Q046=\":443\"; ma=2592000,h3-Q043=\":443\"; ma=2592000,quic=\":443\"; ma=2592000; v=\"46,43\"","accept-ranges":"none","transfer-encoding":"chunked"}
[debug] [2021-06-15T18:52:38.899Z] <<< HTTP RESPONSE 200 {"content-type":"application/json; charset=UTF-8","vary":"X-Origin, Referer, Origin,Accept-Encoding","date":"Tue, 15 Jun 2021 18:52:41 GMT","server":"ESF","cache-control":"private","x-xss-protection":"0","x-frame-options":"SAMEORIGIN","x-content-type-options":"nosniff","alt-svc":"h3=\":443\"; ma=2592000,h3-29=\":443\"; ma=2592000,h3-T051=\":443\"; ma=2592000,h3-Q050=\":443\"; ma=2592000,h3-Q046=\":443\"; ma=2592000,h3-Q043=\":443\"; ma=2592000,quic=\":443\"; ma=2592000; v=\"46,43\"","accept-ranges":"none","transfer-encoding":"chunked"}
[info] +  functions: required API cloudbuild.googleapis.com is enabled 
[debug] [2021-06-15T18:52:38.904Z] >>> HTTP REQUEST GET https://firebase.googleapis.com/v1beta1/projects/managerbran-2a699/adminSdkConfig  
 
[debug] [2021-06-15T18:52:39.448Z] <<< HTTP RESPONSE 200 {"content-type":"application/json; charset=UTF-8","vary":"X-Origin, Referer, Origin,Accept-Encoding","date":"Tue, 15 Jun 2021 18:52:42 GMT","server":"ESF","cache-control":"private","x-xss-protection":"0","x-frame-options":"SAMEORIGIN","x-content-type-options":"nosniff","alt-svc":"h3=\":443\"; ma=2592000,h3-29=\":443\"; ma=2592000,h3-T051=\":443\"; ma=2592000,h3-Q050=\":443\"; ma=2592000,h3-Q046=\":443\"; ma=2592000,h3-Q043=\":443\"; ma=2592000,quic=\":443\"; ma=2592000; v=\"46,43\"","accept-ranges":"none","transfer-encoding":"chunked"}
[info] i  functions: preparing functions directory for uploading... 
[debug] [2021-06-15T18:52:39.454Z] >>> HTTP REQUEST GET https://runtimeconfig.googleapis.com/v1beta1/projects/managerbran-2a699/configs  
 
[debug] [2021-06-15T18:52:40.063Z] <<< HTTP RESPONSE 200 {"content-type":"application/json; charset=UTF-8","vary":"X-Origin, Referer, Origin,Accept-Encoding","date":"Tue, 15 Jun 2021 18:52:42 GMT","server":"ESF","cache-control":"private","x-xss-protection":"0","x-frame-options":"SAMEORIGIN","x-content-type-options":"nosniff","alt-svc":"h3=\":443\"; ma=2592000,h3-29=\":443\"; ma=2592000,h3-T051=\":443\"; ma=2592000,h3-Q050=\":443\"; ma=2592000,h3-Q046=\":443\"; ma=2592000,h3-Q043=\":443\"; ma=2592000,quic=\":443\"; ma=2592000; v=\"46,43\"","accept-ranges":"none","transfer-encoding":"chunked"}
[debug] [2021-06-15T18:52:40.065Z] Analyizing backend with strategy parseJSExports
[info] i  functions: packaged functions (24.43 KB) for uploading 
[debug] [2021-06-15T18:52:40.947Z] > [functions] package.json contents: {
  "name": "functions",
  "description": "Cloud Functions for Firebase",
  "scripts": {
    "serve": "firebase emulators:start --only functions",
    "shell": "firebase functions:shell",
    "start": "npm run shell",
    "deploy": "firebase deploy --only functions",
    "logs": "firebase functions:log"
  },
  "engines": {
    "node": "14"
  },
  "main": "index.js",
  "dependencies": {
    "firebase-admin": "^9.8.0",
    "firebase-functions": "^3.14.1"
  },
  "devDependencies": {
    "firebase-functions-test": "^0.2.0"
  },
  "private": true
}
[debug] [2021-06-15T18:52:40.952Z] >>> HTTP REQUEST GET https://cloudfunctions.googleapis.com/v1/projects/managerbran-2a699/locations/-/functions  
 
[debug] [2021-06-15T18:52:41.854Z] <<< HTTP RESPONSE 200 {"content-type":"application/json; charset=UTF-8","vary":"X-Origin, Referer, Origin,Accept-Encoding","date":"Tue, 15 Jun 2021 18:52:44 GMT","server":"ESF","cache-control":"private","x-xss-protection":"0","x-frame-options":"SAMEORIGIN","x-content-type-options":"nosniff","alt-svc":"h3=\":443\"; ma=2592000,h3-29=\":443\"; ma=2592000,h3-T051=\":443\"; ma=2592000,h3-Q050=\":443\"; ma=2592000,h3-Q046=\":443\"; ma=2592000,h3-Q043=\":443\"; ma=2592000,quic=\":443\"; ma=2592000; v=\"46,43\"","accept-ranges":"none","transfer-encoding":"chunked"}
[debug] [2021-06-15T18:52:41.859Z] [functions] found 1 new HTTP functions, testing setIamPolicy permission...
[debug] [2021-06-15T18:52:41.860Z] >>> HTTP REQUEST POST https://cloudresourcemanager.googleapis.com/v1/projects/managerbran-2a699:testIamPermissions  
 {"permissions":["cloudfunctions.functions.setIamPolicy"]}
[debug] [2021-06-15T18:52:43.784Z] <<< HTTP RESPONSE 200 {"content-type":"application/json; charset=UTF-8","vary":"X-Origin, Referer, Origin,Accept-Encoding","date":"Tue, 15 Jun 2021 18:52:45 GMT","server":"ESF","cache-control":"private","x-xss-protection":"0","x-frame-options":"SAMEORIGIN","x-content-type-options":"nosniff","server-timing":"gfet4t7; dur=1112","alt-svc":"h3=\":443\"; ma=2592000,h3-29=\":443\"; ma=2592000,h3-T051=\":443\"; ma=2592000,h3-Q050=\":443\"; ma=2592000,h3-Q046=\":443\"; ma=2592000,h3-Q043=\":443\"; ma=2592000,quic=\":443\"; ma=2592000; v=\"46,43\"","accept-ranges":"none","transfer-encoding":"chunked"}
[debug] [2021-06-15T18:52:43.785Z] [functions] found setIamPolicy permission, proceeding with deploy
[debug] [2021-06-15T18:52:43.787Z] >>> HTTP REQUEST POST https://cloudfunctions.googleapis.com/v1/projects/managerbran-2a699/locations/us-central1/functions:generateUploadUrl  
 
[debug] [2021-06-15T18:52:44.535Z] <<< HTTP RESPONSE 200 {"content-type":"application/json; charset=UTF-8","vary":"X-Origin, Referer, Origin,Accept-Encoding","date":"Tue, 15 Jun 2021 18:52:47 GMT","server":"ESF","cache-control":"private","x-xss-protection":"0","x-frame-options":"SAMEORIGIN","x-content-type-options":"nosniff","alt-svc":"h3=\":443\"; ma=2592000,h3-29=\":443\"; ma=2592000,h3-T051=\":443\"; ma=2592000,h3-Q050=\":443\"; ma=2592000,h3-Q046=\":443\"; ma=2592000,h3-Q043=\":443\"; ma=2592000,quic=\":443\"; ma=2592000; v=\"46,43\"","accept-ranges":"none","transfer-encoding":"chunked"}
[debug] [2021-06-15T18:52:44.539Z] >>> HTTP REQUEST PUT https://storage.googleapis.com/gcf-upload-us-central1-aa06c719-5934-43fb-a2bd-a995023732bc/903357af-e5f5-4a25-a231-7507071351c6.zip?GoogleAccessId=service-474981172645@gcf-admin-robot.iam.gserviceaccount.com&Expires=1623784967&Signature=rPBHZNNdES9guXQm%2FRnKiv2lNw25K9vNrWAOnaiK3a2KkNcgJ6spR1l%2BgDe8uqkcmJTtJKkjHj070E%2BOfYsBprbuZjOpN0EDWrABLl87beaMd0mWLK0UBMbBxmmB%2FOOgdNe14Yei5K7YmwCyNBOIyK0WMk3LieY8Jy4Kepj1NU3wEMLrF1lAiwJ44XEy00NXUDlUtd9A3d9iCqlPlwvPgBxXTQlCE6PJ7CGouJw7vvREsKs4DZVbvKsUn5t02riXKTCjmJY%2FMOW6qlE5kAzxC0L227Mjos3mc5tAhFFXQiX1iZhiKH%2BCqdHzGMvqtgLyqMjRbYyzjQ1HAZBtrs4uZw%3D%3D  
 <request body omitted>
[debug] [2021-06-15T18:52:45.195Z] <<< HTTP RESPONSE 200 {"x-guploader-uploadid":"ABg5-UxzX177usf-mx2_e8O9HhYxVHxreH9V9Y4yqGYo90bVbSbX50MslbbGLx8yf46U2ABMqzeVvID_p9siTthVKWY","etag":"\"56c986326d30b89eb22e19b01b34df2c\"","x-goog-generation":"1623783167848067","x-goog-metageneration":"1","x-goog-hash":"crc32c=N/wiRg==, md5=VsmGMm0wuJ6yLhmwGzTfLA==","x-goog-stored-content-length":"25017","x-goog-stored-content-encoding":"identity","vary":"Origin","content-length":"0","date":"Tue, 15 Jun 2021 18:52:47 GMT","server":"UploadServer","content-type":"text/html; charset=UTF-8","alt-svc":"h3=\":443\"; ma=2592000,h3-29=\":443\"; ma=2592000,h3-T051=\":443\"; ma=2592000,h3-Q050=\":443\"; ma=2592000,h3-Q046=\":443\"; ma=2592000,h3-Q043=\":443\"; ma=2592000,quic=\":443\"; ma=2592000; v=\"46,43\""}
[info] +  functions: functions folder uploaded successfully 
[info] 
The following functions are found in your project but do not exist in your local source code:
	helloWorld(us-central1)

If you are renaming a function or changing its region, it is recommended that you create the new function first before deleting the old one to prevent event loss. For more info, visit https://firebase.google.com/docs/functions/manage-functions#modify

[info] i  functions: deleting function helloWorld(us-central1)... 
[info] i  functions: creating Node.js 14 function addAdminRole(us-central1)... 
[debug] [2021-06-15T18:53:19.151Z] >>> HTTP REQUEST DELETE https://cloudfunctions.googleapis.com/v1/projects/managerbran-2a699/locations/us-central1/functions/helloWorld  
 
[debug] [2021-06-15T18:53:19.151Z] >>> HTTP REQUEST POST https://cloudfunctions.googleapis.com/v1/projects/managerbran-2a699/locations/us-central1/functions  
 {"name":"projects/managerbran-2a699/locations/us-central1/functions/addAdminRole","sourceUploadUrl":"https://storage.googleapis.com/gcf-upload-us-central1-aa06c719-5934-43fb-a2bd-a995023732bc/903357af-e5f5-4a25-a231-7507071351c6.zip?GoogleAccessId=service-474981172645@gcf-admin-robot.iam.gserviceaccount.com&Expires=1623784967&Signature=rPBHZNNdES9guXQm%2FRnKiv2lNw25K9vNrWAOnaiK3a2KkNcgJ6spR1l%2BgDe8uqkcmJTtJKkjHj070E%2BOfYsBprbuZjOpN0EDWrABLl87beaMd0mWLK0UBMbBxmmB%2FOOgdNe14Yei5K7YmwCyNBOIyK0WMk3LieY8Jy4Kepj1NU3wEMLrF1lAiwJ44XEy00NXUDlUtd9A3d9iCqlPlwvPgBxXTQlCE6PJ7CGouJw7vvREsKs4DZVbvKsUn5t02riXKTCjmJY%2FMOW6qlE5kAzxC0L227Mjos3mc5tAhFFXQiX1iZhiKH%2BCqdHzGMvqtgLyqMjRbYyzjQ1HAZBtrs4uZw%3D%3D","entryPoint":"addAdminRole","runtime":"nodejs14","httpsTrigger":{"securityLevel":"SECURE_OPTIONAL"},"labels":{"deployment-callable":"true","deployment-tool":"cli-firebase"},"environmentVariables":{"FIREBASE_CONFIG":"{\"projectId\":\"managerbran-2a699\",\"databaseURL\":\"https://managerbran-2a699-default-rtdb.firebaseio.com\",\"storageBucket\":\"managerbran-2a699.appspot.com\",\"locationId\":\"us-central\"}"}}
[debug] [2021-06-15T18:53:19.924Z] <<< HTTP RESPONSE 200 {"content-type":"application/json; charset=UTF-8","vary":"X-Origin, Referer, Origin,Accept-Encoding","date":"Tue, 15 Jun 2021 18:53:22 GMT","server":"ESF","cache-control":"private","x-xss-protection":"0","x-frame-options":"SAMEORIGIN","x-content-type-options":"nosniff","alt-svc":"h3=\":443\"; ma=2592000,h3-29=\":443\"; ma=2592000,h3-T051=\":443\"; ma=2592000,h3-Q050=\":443\"; ma=2592000,h3-Q046=\":443\"; ma=2592000,h3-Q043=\":443\"; ma=2592000,quic=\":443\"; ma=2592000; v=\"46,43\"","accept-ranges":"none","transfer-encoding":"chunked"}
[debug] [2021-06-15T18:53:19.929Z] > refreshing access token with scopes: []
[debug] [2021-06-15T18:53:19.930Z] >>> HTTP REQUEST POST https://www.googleapis.com/oauth2/v3/token  
 <request body omitted>
[debug] [2021-06-15T18:53:19.961Z] <<< HTTP RESPONSE 200 {"content-type":"application/json; charset=UTF-8","vary":"X-Origin, Referer, Origin,Accept-Encoding","date":"Tue, 15 Jun 2021 18:53:22 GMT","server":"ESF","cache-control":"private","x-xss-protection":"0","x-frame-options":"SAMEORIGIN","x-content-type-options":"nosniff","alt-svc":"h3=\":443\"; ma=2592000,h3-29=\":443\"; ma=2592000,h3-T051=\":443\"; ma=2592000,h3-Q050=\":443\"; ma=2592000,h3-Q046=\":443\"; ma=2592000,h3-Q043=\":443\"; ma=2592000,quic=\":443\"; ma=2592000; v=\"46,43\"","accept-ranges":"none","transfer-encoding":"chunked"}
[debug] [2021-06-15T18:53:19.963Z] > refreshing access token with scopes: []
[debug] [2021-06-15T18:53:19.963Z] >>> HTTP REQUEST POST https://www.googleapis.com/oauth2/v3/token  
 <request body omitted>
[debug] [2021-06-15T18:53:20.296Z] <<< HTTP RESPONSE 200 {"date":"Tue, 15 Jun 2021 18:53:23 GMT","pragma":"no-cache","cache-control":"no-cache, no-store, max-age=0, must-revalidate","expires":"Mon, 01 Jan 1990 00:00:00 GMT","content-type":"application/json; charset=utf-8","vary":"X-Origin, Referer, Origin,Accept-Encoding","server":"scaffolding on HTTPServer2","x-xss-protection":"0","x-frame-options":"SAMEORIGIN","x-content-type-options":"nosniff","alt-svc":"h3=\":443\"; ma=2592000,h3-29=\":443\"; ma=2592000,h3-T051=\":443\"; ma=2592000,h3-Q050=\":443\"; ma=2592000,h3-Q046=\":443\"; ma=2592000,h3-Q043=\":443\"; ma=2592000,quic=\":443\"; ma=2592000; v=\"46,43\"","accept-ranges":"none","transfer-encoding":"chunked"}
[debug] [2021-06-15T18:53:20.369Z] >>> [apiv2][query] GET https://cloudfunctions.googleapis.com/v1/operations/bWFuYWdlcmJyYW4tMmE2OTkvdXMtY2VudHJhbDEvaGVsbG9Xb3JsZC9vSkhKQ3d0czBONA [none]
[debug] [2021-06-15T18:53:20.384Z] <<< HTTP RESPONSE 200 {"date":"Tue, 15 Jun 2021 18:53:23 GMT","pragma":"no-cache","expires":"Mon, 01 Jan 1990 00:00:00 GMT","cache-control":"no-cache, no-store, max-age=0, must-revalidate","content-type":"application/json; charset=utf-8","vary":"X-Origin, Referer, Origin,Accept-Encoding","server":"scaffolding on HTTPServer2","x-xss-protection":"0","x-frame-options":"SAMEORIGIN","x-content-type-options":"nosniff","alt-svc":"h3=\":443\"; ma=2592000,h3-29=\":443\"; ma=2592000,h3-T051=\":443\"; ma=2592000,h3-Q050=\":443\"; ma=2592000,h3-Q046=\":443\"; ma=2592000,h3-Q043=\":443\"; ma=2592000,quic=\":443\"; ma=2592000; v=\"46,43\"","accept-ranges":"none","transfer-encoding":"chunked"}
[debug] [2021-06-15T18:53:20.452Z] >>> [apiv2][query] GET https://cloudfunctions.googleapis.com/v1/operations/bWFuYWdlcmJyYW4tMmE2OTkvdXMtY2VudHJhbDEvYWRkQWRtaW5Sb2xlL1FUVXJVeXlpZzdz [none]
[debug] [2021-06-15T18:53:20.879Z] <<< [apiv2][status] GET https://cloudfunctions.googleapis.com/v1/operations/bWFuYWdlcmJyYW4tMmE2OTkvdXMtY2VudHJhbDEvaGVsbG9Xb3JsZC9vSkhKQ3d0czBONA 200
[debug] [2021-06-15T18:53:20.879Z] <<< [apiv2][body] GET https://cloudfunctions.googleapis.com/v1/operations/bWFuYWdlcmJyYW4tMmE2OTkvdXMtY2VudHJhbDEvaGVsbG9Xb3JsZC9vSkhKQ3d0czBONA {"name":"operations/bWFuYWdlcmJyYW4tMmE2OTkvdXMtY2VudHJhbDEvaGVsbG9Xb3JsZC9vSkhKQ3d0czBONA","metadata":{"@type":"type.googleapis.com/google.cloud.functions.v1.OperationMetadataV1","target":"projects/managerbran-2a699/locations/us-central1/functions/helloWorld","type":"DELETE_FUNCTION","request":{"@type":"type.googleapis.com/google.protobuf.Empty"},"updateTime":"2021-06-15T18:53:22Z"}}
[debug] [2021-06-15T18:53:20.918Z] <<< [apiv2][status] GET https://cloudfunctions.googleapis.com/v1/operations/bWFuYWdlcmJyYW4tMmE2OTkvdXMtY2VudHJhbDEvYWRkQWRtaW5Sb2xlL1FUVXJVeXlpZzdz 200
[debug] [2021-06-15T18:53:20.918Z] <<< [apiv2][body] GET https://cloudfunctions.googleapis.com/v1/operations/bWFuYWdlcmJyYW4tMmE2OTkvdXMtY2VudHJhbDEvYWRkQWRtaW5Sb2xlL1FUVXJVeXlpZzdz {"name":"operations/bWFuYWdlcmJyYW4tMmE2OTkvdXMtY2VudHJhbDEvYWRkQWRtaW5Sb2xlL1FUVXJVeXlpZzdz","metadata":{"@type":"type.googleapis.com/google.cloud.functions.v1.OperationMetadataV1","target":"projects/managerbran-2a699/locations/us-central1/functions/addAdminRole","type":"CREATE_FUNCTION","request":{"@type":"type.googleapis.com/google.cloud.functions.v1.CloudFunction","name":"projects/managerbran-2a699/locations/us-central1/functions/addAdminRole","httpsTrigger":{"securityLevel":"SECURE_OPTIONAL"},"entryPoint":"addAdminRole","labels":{"deployment-callable":"true","deployment-tool":"cli-firebase"},"sourceUploadUrl":"https://storage.googleapis.com/gcf-upload-us-central1-aa06c719-5934-43fb-a2bd-a995023732bc/903357af-e5f5-4a25-a231-7507071351c6.zip?GoogleAccessId=service-474981172645@gcf-admin-robot.iam.gserviceaccount.com&Expires=1623784967&Signature=rPBHZNNdES9guXQm%2FRnKiv2lNw25K9vNrWAOnaiK3a2KkNcgJ6spR1l%2BgDe8uqkcmJTtJKkjHj070E%2BOfYsBprbuZjOpN0EDWrABLl87beaMd0mWLK0UBMbBxmmB%2FOOgdNe14Yei5K7YmwCyNBOIyK0WMk3LieY8Jy4Kepj1NU3wEMLrF1lAiwJ44XEy00NXUDlUtd9A3d9iCqlPlwvPgBxXTQlCE6PJ7CGouJw7vvREsKs4DZVbvKsUn5t02riXKTCjmJY%2FMOW6qlE5kAzxC0L227Mjos3mc5tAhFFXQiX1iZhiKH%2BCqdHzGMvqtgLyqMjRbYyzjQ1HAZBtrs4uZw%3D%3D","environmentVariables":{"FIREBASE_CONFIG":"{\"projectId\":\"managerbran-2a699\",\"databaseURL\":\"https://managerbran-2a699-default-rtdb.firebaseio.com\",\"storageBucket\":\"managerbran-2a699.appspot.com\",\"locationId\":\"us-central\"}"},"runtime":"nodejs14"},"versionId":"1","updateTime":"2021-06-15T18:53:22Z","buildId":"42b9c174-6fd5-4ca8-9aff-6437e0c01dc0","buildName":"projects/474981172645/locations/us-central1/builds/42b9c174-6fd5-4ca8-9aff-6437e0c01dc0"}}
[debug] [2021-06-15T18:53:21.386Z] [delete-projects/managerbran-2a699/locations/us-central1/functions/helloWorld] Retrying task index 0
[debug] [2021-06-15T18:53:21.386Z] >>> [apiv2][query] GET https://cloudfunctions.googleapis.com/v1/operations/bWFuYWdlcmJyYW4tMmE2OTkvdXMtY2VudHJhbDEvaGVsbG9Xb3JsZC9vSkhKQ3d0czBONA [none]
[debug] [2021-06-15T18:53:21.432Z] [create-projects/managerbran-2a699/locations/us-central1/functions/addAdminRole] Retrying task index 0
[debug] [2021-06-15T18:53:21.433Z] >>> [apiv2][query] GET https://cloudfunctions.googleapis.com/v1/operations/bWFuYWdlcmJyYW4tMmE2OTkvdXMtY2VudHJhbDEvYWRkQWRtaW5Sb2xlL1FUVXJVeXlpZzdz [none]
[debug] [2021-06-15T18:53:21.838Z] <<< [apiv2][status] GET https://cloudfunctions.googleapis.com/v1/operations/bWFuYWdlcmJyYW4tMmE2OTkvdXMtY2VudHJhbDEvaGVsbG9Xb3JsZC9vSkhKQ3d0czBONA 200
[debug] [2021-06-15T18:53:21.838Z] <<< [apiv2][body] GET https://cloudfunctions.googleapis.com/v1/operations/bWFuYWdlcmJyYW4tMmE2OTkvdXMtY2VudHJhbDEvaGVsbG9Xb3JsZC9vSkhKQ3d0czBONA {"name":"operations/bWFuYWdlcmJyYW4tMmE2OTkvdXMtY2VudHJhbDEvaGVsbG9Xb3JsZC9vSkhKQ3d0czBONA","metadata":{"@type":"type.googleapis.com/google.cloud.functions.v1.OperationMetadataV1","target":"projects/managerbran-2a699/locations/us-central1/functions/helloWorld","type":"DELETE_FUNCTION","request":{"@type":"type.googleapis.com/google.protobuf.Empty"},"updateTime":"2021-06-15T18:53:22Z"}}
[debug] [2021-06-15T18:53:21.885Z] <<< [apiv2][status] GET https://cloudfunctions.googleapis.com/v1/operations/bWFuYWdlcmJyYW4tMmE2OTkvdXMtY2VudHJhbDEvYWRkQWRtaW5Sb2xlL1FUVXJVeXlpZzdz 200
[debug] [2021-06-15T18:53:21.885Z] <<< [apiv2][body] GET https://cloudfunctions.googleapis.com/v1/operations/bWFuYWdlcmJyYW4tMmE2OTkvdXMtY2VudHJhbDEvYWRkQWRtaW5Sb2xlL1FUVXJVeXlpZzdz {"name":"operations/bWFuYWdlcmJyYW4tMmE2OTkvdXMtY2VudHJhbDEvYWRkQWRtaW5Sb2xlL1FUVXJVeXlpZzdz","metadata":{"@type":"type.googleapis.com/google.cloud.functions.v1.OperationMetadataV1","target":"projects/managerbran-2a699/locations/us-central1/functions/addAdminRole","type":"CREATE_FUNCTION","request":{"@type":"type.googleapis.com/google.cloud.functions.v1.CloudFunction","name":"projects/managerbran-2a699/locations/us-central1/functions/addAdminRole","httpsTrigger":{"securityLevel":"SECURE_OPTIONAL"},"entryPoint":"addAdminRole","labels":{"deployment-callable":"true","deployment-tool":"cli-firebase"},"sourceUploadUrl":"https://storage.googleapis.com/gcf-upload-us-central1-aa06c719-5934-43fb-a2bd-a995023732bc/903357af-e5f5-4a25-a231-7507071351c6.zip?GoogleAccessId=service-474981172645@gcf-admin-robot.iam.gserviceaccount.com&Expires=1623784967&Signature=rPBHZNNdES9guXQm%2FRnKiv2lNw25K9vNrWAOnaiK3a2KkNcgJ6spR1l%2BgDe8uqkcmJTtJKkjHj070E%2BOfYsBprbuZjOpN0EDWrABLl87beaMd0mWLK0UBMbBxmmB%2FOOgdNe14Yei5K7YmwCyNBOIyK0WMk3LieY8Jy4Kepj1NU3wEMLrF1lAiwJ44XEy00NXUDlUtd9A3d9iCqlPlwvPgBxXTQlCE6PJ7CGouJw7vvREsKs4DZVbvKsUn5t02riXKTCjmJY%2FMOW6qlE5kAzxC0L227Mjos3mc5tAhFFXQiX1iZhiKH%2BCqdHzGMvqtgLyqMjRbYyzjQ1HAZBtrs4uZw%3D%3D","environmentVariables":{"FIREBASE_CONFIG":"{\"projectId\":\"managerbran-2a699\",\"databaseURL\":\"https://managerbran-2a699-default-rtdb.firebaseio.com\",\"storageBucket\":\"managerbran-2a699.appspot.com\",\"locationId\":\"us-central\"}"},"runtime":"nodejs14"},"versionId":"1","updateTime":"2021-06-15T18:53:22Z","buildId":"42b9c174-6fd5-4ca8-9aff-6437e0c01dc0","buildName":"projects/474981172645/locations/us-central1/builds/42b9c174-6fd5-4ca8-9aff-6437e0c01dc0"}}
[debug] [2021-06-15T18:53:22.851Z] [delete-projects/managerbran-2a699/locations/us-central1/functions/helloWorld] Retrying task index 0
[debug] [2021-06-15T18:53:22.853Z] >>> [apiv2][query] GET https://cloudfunctions.googleapis.com/v1/operations/bWFuYWdlcmJyYW4tMmE2OTkvdXMtY2VudHJhbDEvaGVsbG9Xb3JsZC9vSkhKQ3d0czBONA [none]
[debug] [2021-06-15T18:53:22.891Z] [create-projects/managerbran-2a699/locations/us-central1/functions/addAdminRole] Retrying task index 0
[debug] [2021-06-15T18:53:22.893Z] >>> [apiv2][query] GET https://cloudfunctions.googleapis.com/v1/operations/bWFuYWdlcmJyYW4tMmE2OTkvdXMtY2VudHJhbDEvYWRkQWRtaW5Sb2xlL1FUVXJVeXlpZzdz [none]
[debug] [2021-06-15T18:53:23.315Z] <<< [apiv2][status] GET https://cloudfunctions.googleapis.com/v1/operations/bWFuYWdlcmJyYW4tMmE2OTkvdXMtY2VudHJhbDEvaGVsbG9Xb3JsZC9vSkhKQ3d0czBONA 200
[debug] [2021-06-15T18:53:23.316Z] <<< [apiv2][body] GET https://cloudfunctions.googleapis.com/v1/operations/bWFuYWdlcmJyYW4tMmE2OTkvdXMtY2VudHJhbDEvaGVsbG9Xb3JsZC9vSkhKQ3d0czBONA {"name":"operations/bWFuYWdlcmJyYW4tMmE2OTkvdXMtY2VudHJhbDEvaGVsbG9Xb3JsZC9vSkhKQ3d0czBONA","metadata":{"@type":"type.googleapis.com/google.cloud.functions.v1.OperationMetadataV1","target":"projects/managerbran-2a699/locations/us-central1/functions/helloWorld","type":"DELETE_FUNCTION","request":{"@type":"type.googleapis.com/google.protobuf.Empty"},"updateTime":"2021-06-15T18:53:25Z"},"done":true,"response":{"@type":"type.googleapis.com/google.protobuf.Empty"}}
[info] +  functions[helloWorld(us-central1)]: Successful delete operation.  
[debug] [2021-06-15T18:53:23.353Z] <<< [apiv2][status] GET https://cloudfunctions.googleapis.com/v1/operations/bWFuYWdlcmJyYW4tMmE2OTkvdXMtY2VudHJhbDEvYWRkQWRtaW5Sb2xlL1FUVXJVeXlpZzdz 200
[debug] [2021-06-15T18:53:23.353Z] <<< [apiv2][body] GET https://cloudfunctions.googleapis.com/v1/operations/bWFuYWdlcmJyYW4tMmE2OTkvdXMtY2VudHJhbDEvYWRkQWRtaW5Sb2xlL1FUVXJVeXlpZzdz {"name":"operations/bWFuYWdlcmJyYW4tMmE2OTkvdXMtY2VudHJhbDEvYWRkQWRtaW5Sb2xlL1FUVXJVeXlpZzdz","metadata":{"@type":"type.googleapis.com/google.cloud.functions.v1.OperationMetadataV1","target":"projects/managerbran-2a699/locations/us-central1/functions/addAdminRole","type":"CREATE_FUNCTION","request":{"@type":"type.googleapis.com/google.cloud.functions.v1.CloudFunction","name":"projects/managerbran-2a699/locations/us-central1/functions/addAdminRole","httpsTrigger":{"securityLevel":"SECURE_OPTIONAL"},"entryPoint":"addAdminRole","labels":{"deployment-callable":"true","deployment-tool":"cli-firebase"},"sourceUploadUrl":"https://storage.googleapis.com/gcf-upload-us-central1-aa06c719-5934-43fb-a2bd-a995023732bc/903357af-e5f5-4a25-a231-7507071351c6.zip?GoogleAccessId=service-474981172645@gcf-admin-robot.iam.gserviceaccount.com&Expires=1623784967&Signature=rPBHZNNdES9guXQm%2FRnKiv2lNw25K9vNrWAOnaiK3a2KkNcgJ6spR1l%2BgDe8uqkcmJTtJKkjHj070E%2BOfYsBprbuZjOpN0EDWrABLl87beaMd0mWLK0UBMbBxmmB%2FOOgdNe14Yei5K7YmwCyNBOIyK0WMk3LieY8Jy4Kepj1NU3wEMLrF1lAiwJ44XEy00NXUDlUtd9A3d9iCqlPlwvPgBxXTQlCE6PJ7CGouJw7vvREsKs4DZVbvKsUn5t02riXKTCjmJY%2FMOW6qlE5kAzxC0L227Mjos3mc5tAhFFXQiX1iZhiKH%2BCqdHzGMvqtgLyqMjRbYyzjQ1HAZBtrs4uZw%3D%3D","environmentVariables":{"FIREBASE_CONFIG":"{\"projectId\":\"managerbran-2a699\",\"databaseURL\":\"https://managerbran-2a699-default-rtdb.firebaseio.com\",\"storageBucket\":\"managerbran-2a699.appspot.com\",\"locationId\":\"us-central\"}"},"runtime":"nodejs14"},"versionId":"1","updateTime":"2021-06-15T18:53:22Z","buildId":"42b9c174-6fd5-4ca8-9aff-6437e0c01dc0","buildName":"projects/474981172645/locations/us-central1/builds/42b9c174-6fd5-4ca8-9aff-6437e0c01dc0"}}
[debug] [2021-06-15T18:53:25.362Z] [create-projects/managerbran-2a699/locations/us-central1/functions/addAdminRole] Retrying task index 0
[debug] [2021-06-15T18:53:25.366Z] >>> [apiv2][query] GET https://cloudfunctions.googleapis.com/v1/operations/bWFuYWdlcmJyYW4tMmE2OTkvdXMtY2VudHJhbDEvYWRkQWRtaW5Sb2xlL1FUVXJVeXlpZzdz [none]
[debug] [2021-06-15T18:53:25.857Z] <<< [apiv2][status] GET https://cloudfunctions.googleapis.com/v1/operations/bWFuYWdlcmJyYW4tMmE2OTkvdXMtY2VudHJhbDEvYWRkQWRtaW5Sb2xlL1FUVXJVeXlpZzdz 200
[debug] [2021-06-15T18:53:25.857Z] <<< [apiv2][body] GET https://cloudfunctions.googleapis.com/v1/operations/bWFuYWdlcmJyYW4tMmE2OTkvdXMtY2VudHJhbDEvYWRkQWRtaW5Sb2xlL1FUVXJVeXlpZzdz {"name":"operations/bWFuYWdlcmJyYW4tMmE2OTkvdXMtY2VudHJhbDEvYWRkQWRtaW5Sb2xlL1FUVXJVeXlpZzdz","metadata":{"@type":"type.googleapis.com/google.cloud.functions.v1.OperationMetadataV1","target":"projects/managerbran-2a699/locations/us-central1/functions/addAdminRole","type":"CREATE_FUNCTION","request":{"@type":"type.googleapis.com/google.cloud.functions.v1.CloudFunction","name":"projects/managerbran-2a699/locations/us-central1/functions/addAdminRole","httpsTrigger":{"securityLevel":"SECURE_OPTIONAL"},"entryPoint":"addAdminRole","labels":{"deployment-callable":"true","deployment-tool":"cli-firebase"},"sourceUploadUrl":"https://storage.googleapis.com/gcf-upload-us-central1-aa06c719-5934-43fb-a2bd-a995023732bc/903357af-e5f5-4a25-a231-7507071351c6.zip?GoogleAccessId=service-474981172645@gcf-admin-robot.iam.gserviceaccount.com&Expires=1623784967&Signature=rPBHZNNdES9guXQm%2FRnKiv2lNw25K9vNrWAOnaiK3a2KkNcgJ6spR1l%2BgDe8uqkcmJTtJKkjHj070E%2BOfYsBprbuZjOpN0EDWrABLl87beaMd0mWLK0UBMbBxmmB%2FOOgdNe14Yei5K7YmwCyNBOIyK0WMk3LieY8Jy4Kepj1NU3wEMLrF1lAiwJ44XEy00NXUDlUtd9A3d9iCqlPlwvPgBxXTQlCE6PJ7CGouJw7vvREsKs4DZVbvKsUn5t02riXKTCjmJY%2FMOW6qlE5kAzxC0L227Mjos3mc5tAhFFXQiX1iZhiKH%2BCqdHzGMvqtgLyqMjRbYyzjQ1HAZBtrs4uZw%3D%3D","environmentVariables":{"FIREBASE_CONFIG":"{\"projectId\":\"managerbran-2a699\",\"databaseURL\":\"https://managerbran-2a699-default-rtdb.firebaseio.com\",\"storageBucket\":\"managerbran-2a699.appspot.com\",\"locationId\":\"us-central\"}"},"runtime":"nodejs14"},"versionId":"1","updateTime":"2021-06-15T18:53:22Z","buildId":"42b9c174-6fd5-4ca8-9aff-6437e0c01dc0","buildName":"projects/474981172645/locations/us-central1/builds/42b9c174-6fd5-4ca8-9aff-6437e0c01dc0"}}
[debug] [2021-06-15T18:53:29.859Z] [create-projects/managerbran-2a699/locations/us-central1/functions/addAdminRole] Retrying task index 0
[debug] [2021-06-15T18:53:29.860Z] >>> [apiv2][query] GET https://cloudfunctions.googleapis.com/v1/operations/bWFuYWdlcmJyYW4tMmE2OTkvdXMtY2VudHJhbDEvYWRkQWRtaW5Sb2xlL1FUVXJVeXlpZzdz [none]
[debug] [2021-06-15T18:53:30.366Z] <<< [apiv2][status] GET https://cloudfunctions.googleapis.com/v1/operations/bWFuYWdlcmJyYW4tMmE2OTkvdXMtY2VudHJhbDEvYWRkQWRtaW5Sb2xlL1FUVXJVeXlpZzdz 200
[debug] [2021-06-15T18:53:30.367Z] <<< [apiv2][body] GET https://cloudfunctions.googleapis.com/v1/operations/bWFuYWdlcmJyYW4tMmE2OTkvdXMtY2VudHJhbDEvYWRkQWRtaW5Sb2xlL1FUVXJVeXlpZzdz {"name":"operations/bWFuYWdlcmJyYW4tMmE2OTkvdXMtY2VudHJhbDEvYWRkQWRtaW5Sb2xlL1FUVXJVeXlpZzdz","metadata":{"@type":"type.googleapis.com/google.cloud.functions.v1.OperationMetadataV1","target":"projects/managerbran-2a699/locations/us-central1/functions/addAdminRole","type":"CREATE_FUNCTION","request":{"@type":"type.googleapis.com/google.cloud.functions.v1.CloudFunction","name":"projects/managerbran-2a699/locations/us-central1/functions/addAdminRole","httpsTrigger":{"securityLevel":"SECURE_OPTIONAL"},"entryPoint":"addAdminRole","labels":{"deployment-callable":"true","deployment-tool":"cli-firebase"},"sourceUploadUrl":"https://storage.googleapis.com/gcf-upload-us-central1-aa06c719-5934-43fb-a2bd-a995023732bc/903357af-e5f5-4a25-a231-7507071351c6.zip?GoogleAccessId=service-474981172645@gcf-admin-robot.iam.gserviceaccount.com&Expires=1623784967&Signature=rPBHZNNdES9guXQm%2FRnKiv2lNw25K9vNrWAOnaiK3a2KkNcgJ6spR1l%2BgDe8uqkcmJTtJKkjHj070E%2BOfYsBprbuZjOpN0EDWrABLl87beaMd0mWLK0UBMbBxmmB%2FOOgdNe14Yei5K7YmwCyNBOIyK0WMk3LieY8Jy4Kepj1NU3wEMLrF1lAiwJ44XEy00NXUDlUtd9A3d9iCqlPlwvPgBxXTQlCE6PJ7CGouJw7vvREsKs4DZVbvKsUn5t02riXKTCjmJY%2FMOW6qlE5kAzxC0L227Mjos3mc5tAhFFXQiX1iZhiKH%2BCqdHzGMvqtgLyqMjRbYyzjQ1HAZBtrs4uZw%3D%3D","environmentVariables":{"FIREBASE_CONFIG":"{\"projectId\":\"managerbran-2a699\",\"databaseURL\":\"https://managerbran-2a699-default-rtdb.firebaseio.com\",\"storageBucket\":\"managerbran-2a699.appspot.com\",\"locationId\":\"us-central\"}"},"runtime":"nodejs14"},"versionId":"1","updateTime":"2021-06-15T18:53:22Z","buildId":"42b9c174-6fd5-4ca8-9aff-6437e0c01dc0","buildName":"projects/474981172645/locations/us-central1/builds/42b9c174-6fd5-4ca8-9aff-6437e0c01dc0"}}
[debug] [2021-06-15T18:53:38.378Z] [create-projects/managerbran-2a699/locations/us-central1/functions/addAdminRole] Retrying task index 0
[debug] [2021-06-15T18:53:38.379Z] >>> [apiv2][query] GET https://cloudfunctions.googleapis.com/v1/operations/bWFuYWdlcmJyYW4tMmE2OTkvdXMtY2VudHJhbDEvYWRkQWRtaW5Sb2xlL1FUVXJVeXlpZzdz [none]
[debug] [2021-06-15T18:53:38.809Z] <<< [apiv2][status] GET https://cloudfunctions.googleapis.com/v1/operations/bWFuYWdlcmJyYW4tMmE2OTkvdXMtY2VudHJhbDEvYWRkQWRtaW5Sb2xlL1FUVXJVeXlpZzdz 200
[debug] [2021-06-15T18:53:38.809Z] <<< [apiv2][body] GET https://cloudfunctions.googleapis.com/v1/operations/bWFuYWdlcmJyYW4tMmE2OTkvdXMtY2VudHJhbDEvYWRkQWRtaW5Sb2xlL1FUVXJVeXlpZzdz {"name":"operations/bWFuYWdlcmJyYW4tMmE2OTkvdXMtY2VudHJhbDEvYWRkQWRtaW5Sb2xlL1FUVXJVeXlpZzdz","metadata":{"@type":"type.googleapis.com/google.cloud.functions.v1.OperationMetadataV1","target":"projects/managerbran-2a699/locations/us-central1/functions/addAdminRole","type":"CREATE_FUNCTION","request":{"@type":"type.googleapis.com/google.cloud.functions.v1.CloudFunction","name":"projects/managerbran-2a699/locations/us-central1/functions/addAdminRole","httpsTrigger":{"securityLevel":"SECURE_OPTIONAL"},"entryPoint":"addAdminRole","labels":{"deployment-callable":"true","deployment-tool":"cli-firebase"},"sourceUploadUrl":"https://storage.googleapis.com/gcf-upload-us-central1-aa06c719-5934-43fb-a2bd-a995023732bc/903357af-e5f5-4a25-a231-7507071351c6.zip?GoogleAccessId=service-474981172645@gcf-admin-robot.iam.gserviceaccount.com&Expires=1623784967&Signature=rPBHZNNdES9guXQm%2FRnKiv2lNw25K9vNrWAOnaiK3a2KkNcgJ6spR1l%2BgDe8uqkcmJTtJKkjHj070E%2BOfYsBprbuZjOpN0EDWrABLl87beaMd0mWLK0UBMbBxmmB%2FOOgdNe14Yei5K7YmwCyNBOIyK0WMk3LieY8Jy4Kepj1NU3wEMLrF1lAiwJ44XEy00NXUDlUtd9A3d9iCqlPlwvPgBxXTQlCE6PJ7CGouJw7vvREsKs4DZVbvKsUn5t02riXKTCjmJY%2FMOW6qlE5kAzxC0L227Mjos3mc5tAhFFXQiX1iZhiKH%2BCqdHzGMvqtgLyqMjRbYyzjQ1HAZBtrs4uZw%3D%3D","environmentVariables":{"FIREBASE_CONFIG":"{\"projectId\":\"managerbran-2a699\",\"databaseURL\":\"https://managerbran-2a699-default-rtdb.firebaseio.com\",\"storageBucket\":\"managerbran-2a699.appspot.com\",\"locationId\":\"us-central\"}"},"runtime":"nodejs14"},"versionId":"1","updateTime":"2021-06-15T18:53:22Z","buildId":"42b9c174-6fd5-4ca8-9aff-6437e0c01dc0","buildName":"projects/474981172645/locations/us-central1/builds/42b9c174-6fd5-4ca8-9aff-6437e0c01dc0"}}
[debug] [2021-06-15T18:53:54.815Z] [create-projects/managerbran-2a699/locations/us-central1/functions/addAdminRole] Retrying task index 0
[debug] [2021-06-15T18:53:54.817Z] >>> [apiv2][query] GET https://cloudfunctions.googleapis.com/v1/operations/bWFuYWdlcmJyYW4tMmE2OTkvdXMtY2VudHJhbDEvYWRkQWRtaW5Sb2xlL1FUVXJVeXlpZzdz [none]
[debug] [2021-06-15T18:54:47.879Z] [create-projects/managerbran-2a699/locations/us-central1/functions/addAdminRole] Retrying task index 0
[debug] [2021-06-15T18:54:47.880Z] >>> [apiv2][query] GET https://cloudfunctions.googleapis.com/v1/operations/bWFuYWdlcmJyYW4tMmE2OTkvdXMtY2VudHJhbDEvYWRkQWRtaW5Sb2xlL1FUVXJVeXlpZzdz [none]
[debug] [2021-06-15T18:55:47.884Z] [create-projects/managerbran-2a699/locations/us-central1/functions/addAdminRole] Retrying task index 0
[debug] [2021-06-15T18:55:47.888Z] >>> [apiv2][query] GET https://cloudfunctions.googleapis.com/v1/operations/bWFuYWdlcmJyYW4tMmE2OTkvdXMtY2VudHJhbDEvYWRkQWRtaW5Sb2xlL1FUVXJVeXlpZzdz [none]
[debug] [2021-06-15T18:56:47.896Z] [create-projects/managerbran-2a699/locations/us-central1/functions/addAdminRole] Retrying task index 0
[debug] [2021-06-15T18:56:47.898Z] >>> [apiv2][query] GET https://cloudfunctions.googleapis.com/v1/operations/bWFuYWdlcmJyYW4tMmE2OTkvdXMtY2VudHJhbDEvYWRkQWRtaW5Sb2xlL1FUVXJVeXlpZzdz [none]
[debug] [2021-06-15T18:57:47.914Z] [create-projects/managerbran-2a699/locations/us-central1/functions/addAdminRole] Retrying task index 0
[debug] [2021-06-15T18:57:47.916Z] >>> [apiv2][query] GET https://cloudfunctions.googleapis.com/v1/operations/bWFuYWdlcmJyYW4tMmE2OTkvdXMtY2VudHJhbDEvYWRkQWRtaW5Sb2xlL1FUVXJVeXlpZzdz [none]
[debug] [2021-06-15T18:58:47.924Z] [create-projects/managerbran-2a699/locations/us-central1/functions/addAdminRole] Retrying task index 0
[debug] [2021-06-15T18:58:47.925Z] >>> [apiv2][query] GET https://cloudfunctions.googleapis.com/v1/operations/bWFuYWdlcmJyYW4tMmE2OTkvdXMtY2VudHJhbDEvYWRkQWRtaW5Sb2xlL1FUVXJVeXlpZzdz [none]
[debug] [2021-06-15T18:59:47.943Z] [create-projects/managerbran-2a699/locations/us-central1/functions/addAdminRole] Retrying task index 0
[debug] [2021-06-15T18:59:47.944Z] >>> [apiv2][query] GET https://cloudfunctions.googleapis.com/v1/operations/bWFuYWdlcmJyYW4tMmE2OTkvdXMtY2VudHJhbDEvYWRkQWRtaW5Sb2xlL1FUVXJVeXlpZzdz [none]
[debug] [2021-06-15T19:00:47.962Z] [create-projects/managerbran-2a699/locations/us-central1/functions/addAdminRole] Retrying task index 0
[debug] [2021-06-15T19:00:47.964Z] >>> [apiv2][query] GET https://cloudfunctions.googleapis.com/v1/operations/bWFuYWdlcmJyYW4tMmE2OTkvdXMtY2VudHJhbDEvYWRkQWRtaW5Sb2xlL1FUVXJVeXlpZzdz [none]
[debug] [2021-06-15T19:01:47.984Z] [create-projects/managerbran-2a699/locations/us-central1/functions/addAdminRole] Retrying task index 0
[debug] [2021-06-15T19:01:47.985Z] >>> [apiv2][query] GET https://cloudfunctions.googleapis.com/v1/operations/bWFuYWdlcmJyYW4tMmE2OTkvdXMtY2VudHJhbDEvYWRkQWRtaW5Sb2xlL1FUVXJVeXlpZzdz [none]
[debug] [2021-06-15T19:02:48.004Z] [create-projects/managerbran-2a699/locations/us-central1/functions/addAdminRole] Retrying task index 0
[debug] [2021-06-15T19:02:48.005Z] >>> [apiv2][query] GET https://cloudfunctions.googleapis.com/v1/operations/bWFuYWdlcmJyYW4tMmE2OTkvdXMtY2VudHJhbDEvYWRkQWRtaW5Sb2xlL1FUVXJVeXlpZzdz [none]
[debug] [2021-06-15T19:03:48.011Z] [create-projects/managerbran-2a699/locations/us-central1/functions/addAdminRole] Retrying task index 0
[debug] [2021-06-15T19:03:48.012Z] >>> [apiv2][query] GET https://cloudfunctions.googleapis.com/v1/operations/bWFuYWdlcmJyYW4tMmE2OTkvdXMtY2VudHJhbDEvYWRkQWRtaW5Sb2xlL1FUVXJVeXlpZzdz [none]
[debug] [2021-06-15T19:04:48.030Z] [create-projects/managerbran-2a699/locations/us-central1/functions/addAdminRole] Retrying task index 0
[debug] [2021-06-15T19:04:48.031Z] >>> [apiv2][query] GET https://cloudfunctions.googleapis.com/v1/operations/bWFuYWdlcmJyYW4tMmE2OTkvdXMtY2VudHJhbDEvYWRkQWRtaW5Sb2xlL1FUVXJVeXlpZzdz [none]
[debug] [2021-06-15T19:05:48.041Z] [create-projects/managerbran-2a699/locations/us-central1/functions/addAdminRole] Retrying task index 0
[debug] [2021-06-15T19:05:48.044Z] >>> [apiv2][query] GET https://cloudfunctions.googleapis.com/v1/operations/bWFuYWdlcmJyYW4tMmE2OTkvdXMtY2VudHJhbDEvYWRkQWRtaW5Sb2xlL1FUVXJVeXlpZzdz [none]
[debug] [2021-06-15T19:06:48.059Z] [create-projects/managerbran-2a699/locations/us-central1/functions/addAdminRole] Retrying task index 0
[debug] [2021-06-15T19:06:48.060Z] >>> [apiv2][query] GET https://cloudfunctions.googleapis.com/v1/operations/bWFuYWdlcmJyYW4tMmE2OTkvdXMtY2VudHJhbDEvYWRkQWRtaW5Sb2xlL1FUVXJVeXlpZzdz [none]
[debug] [2021-06-15T19:07:48.069Z] [create-projects/managerbran-2a699/locations/us-central1/functions/addAdminRole] Retrying task index 0
[debug] [2021-06-15T19:07:48.070Z] >>> [apiv2][query] GET https://cloudfunctions.googleapis.com/v1/operations/bWFuYWdlcmJyYW4tMmE2OTkvdXMtY2VudHJhbDEvYWRkQWRtaW5Sb2xlL1FUVXJVeXlpZzdz [none]
[debug] [2021-06-15T19:08:48.088Z] [create-projects/managerbran-2a699/locations/us-central1/functions/addAdminRole] Retrying task index 0
[debug] [2021-06-15T19:08:48.089Z] >>> [apiv2][query] GET https://cloudfunctions.googleapis.com/v1/operations/bWFuYWdlcmJyYW4tMmE2OTkvdXMtY2VudHJhbDEvYWRkQWRtaW5Sb2xlL1FUVXJVeXlpZzdz [none]
[debug] [2021-06-15T19:09:48.107Z] [create-projects/managerbran-2a699/locations/us-central1/functions/addAdminRole] Retrying task index 0
[debug] [2021-06-15T19:09:48.109Z] >>> [apiv2][query] GET https://cloudfunctions.googleapis.com/v1/operations/bWFuYWdlcmJyYW4tMmE2OTkvdXMtY2VudHJhbDEvYWRkQWRtaW5Sb2xlL1FUVXJVeXlpZzdz [none]
[debug] [2021-06-15T19:10:48.128Z] [create-projects/managerbran-2a699/locations/us-central1/functions/addAdminRole] Retrying task index 0
[debug] [2021-06-15T19:10:48.129Z] >>> [apiv2][query] GET https://cloudfunctions.googleapis.com/v1/operations/bWFuYWdlcmJyYW4tMmE2OTkvdXMtY2VudHJhbDEvYWRkQWRtaW5Sb2xlL1FUVXJVeXlpZzdz [none]
[debug] [2021-06-15T19:11:48.135Z] [create-projects/managerbran-2a699/locations/us-central1/functions/addAdminRole] Retrying task index 0
[debug] [2021-06-15T19:11:48.136Z] >>> [apiv2][query] GET https://cloudfunctions.googleapis.com/v1/operations/bWFuYWdlcmJyYW4tMmE2OTkvdXMtY2VudHJhbDEvYWRkQWRtaW5Sb2xlL1FUVXJVeXlpZzdz [none]
[debug] [2021-06-15T19:12:48.146Z] [create-projects/managerbran-2a699/locations/us-central1/functions/addAdminRole] Retrying task index 0
[debug] [2021-06-15T19:12:48.148Z] >>> [apiv2][query] GET https://cloudfunctions.googleapis.com/v1/operations/bWFuYWdlcmJyYW4tMmE2OTkvdXMtY2VudHJhbDEvYWRkQWRtaW5Sb2xlL1FUVXJVeXlpZzdz [none]
[debug] [2021-06-15T19:13:48.154Z] [create-projects/managerbran-2a699/locations/us-central1/functions/addAdminRole] Retrying task index 0
[debug] [2021-06-15T19:13:48.156Z] >>> [apiv2][query] GET https://cloudfunctions.googleapis.com/v1/operations/bWFuYWdlcmJyYW4tMmE2OTkvdXMtY2VudHJhbDEvYWRkQWRtaW5Sb2xlL1FUVXJVeXlpZzdz [none]
[debug] [2021-06-15T19:14:48.174Z] [create-projects/managerbran-2a699/locations/us-central1/functions/addAdminRole] Retrying task index 0
[debug] [2021-06-15T19:14:48.176Z] >>> [apiv2][query] GET https://cloudfunctions.googleapis.com/v1/operations/bWFuYWdlcmJyYW4tMmE2OTkvdXMtY2VudHJhbDEvYWRkQWRtaW5Sb2xlL1FUVXJVeXlpZzdz [none]
[debug] [2021-06-15T19:15:48.186Z] [create-projects/managerbran-2a699/locations/us-central1/functions/addAdminRole] Retrying task index 0
[debug] [2021-06-15T19:15:48.187Z] >>> [apiv2][query] GET https://cloudfunctions.googleapis.com/v1/operations/bWFuYWdlcmJyYW4tMmE2OTkvdXMtY2VudHJhbDEvYWRkQWRtaW5Sb2xlL1FUVXJVeXlpZzdz [none]
[debug] [2021-06-15T19:16:48.204Z] [create-projects/managerbran-2a699/locations/us-central1/functions/addAdminRole] Retrying task index 0
[debug] [2021-06-15T19:16:48.205Z] >>> [apiv2][query] GET https://cloudfunctions.googleapis.com/v1/operations/bWFuYWdlcmJyYW4tMmE2OTkvdXMtY2VudHJhbDEvYWRkQWRtaW5Sb2xlL1FUVXJVeXlpZzdz [none]
[debug] [2021-06-15T19:17:48.219Z] [create-projects/managerbran-2a699/locations/us-central1/functions/addAdminRole] Retrying task index 0
[debug] [2021-06-15T19:17:48.221Z] >>> [apiv2][query] GET https://cloudfunctions.googleapis.com/v1/operations/bWFuYWdlcmJyYW4tMmE2OTkvdXMtY2VudHJhbDEvYWRkQWRtaW5Sb2xlL1FUVXJVeXlpZzdz [none]
